<?xml version="1.0" encoding="UTF-8"?>
<testsuite xmlns:xsi="http://www.w3.org/2001/XMLSchema-instance" xsi:noNamespaceSchemaLocation="https://maven.apache.org/surefire/maven-surefire-plugin/xsd/surefire-test-report.xsd" name="com.easemob.im.server.EMPropertiesTest" time="0.001" tests="10" errors="0" skipped="0" failures="0">
  <properties>
    <property name="socksProxyHost" value="127.0.0.1"/>
    <property name="http.proxyHost" value="127.0.0.1"/>
    <property name="java.specification.version" value="14"/>
    <property name="sun.jnu.encoding" value="UTF-8"/>
    <property name="java.class.path" value="/Users/easemob-dn0164/Desktop/testserver/im-sdk-core/target/test-classes:/Users/easemob-dn0164/Desktop/testserver/im-sdk-core/target/classes:/Users/easemob-dn0164/.m2/repository/org/slf4j/slf4j-api/1.7.30/slf4j-api-1.7.30.jar:/Users/easemob-dn0164/.m2/repository/ch/qos/logback/logback-classic/1.2.3/logback-classic-1.2.3.jar:/Users/easemob-dn0164/.m2/repository/ch/qos/logback/logback-core/1.2.3/logback-core-1.2.3.jar:/Users/easemob-dn0164/.m2/repository/io/github/resilience4j/resilience4j-circuitbreaker/1.1.0/resilience4j-circuitbreaker-1.1.0.jar:/Users/easemob-dn0164/.m2/repository/io/vavr/vavr/0.10.0/vavr-0.10.0.jar:/Users/easemob-dn0164/.m2/repository/io/vavr/vavr-match/0.10.0/vavr-match-0.10.0.jar:/Users/easemob-dn0164/.m2/repository/io/github/resilience4j/resilience4j-core/1.1.0/resilience4j-core-1.1.0.jar:/Users/easemob-dn0164/.m2/repository/io/github/resilience4j/resilience4j-reactor/1.1.0/resilience4j-reactor-1.1.0.jar:/Users/easemob-dn0164/.m2/repository/io/projectreactor/netty/reactor-netty-core/1.0.4/reactor-netty-core-1.0.4.jar:/Users/easemob-dn0164/.m2/repository/io/netty/netty-handler/4.1.59.Final/netty-handler-4.1.59.Final.jar:/Users/easemob-dn0164/.m2/repository/io/netty/netty-common/4.1.59.Final/netty-common-4.1.59.Final.jar:/Users/easemob-dn0164/.m2/repository/io/netty/netty-resolver/4.1.59.Final/netty-resolver-4.1.59.Final.jar:/Users/easemob-dn0164/.m2/repository/io/netty/netty-buffer/4.1.59.Final/netty-buffer-4.1.59.Final.jar:/Users/easemob-dn0164/.m2/repository/io/netty/netty-transport/4.1.59.Final/netty-transport-4.1.59.Final.jar:/Users/easemob-dn0164/.m2/repository/io/netty/netty-codec/4.1.59.Final/netty-codec-4.1.59.Final.jar:/Users/easemob-dn0164/.m2/repository/io/netty/netty-handler-proxy/4.1.59.Final/netty-handler-proxy-4.1.59.Final.jar:/Users/easemob-dn0164/.m2/repository/io/netty/netty-codec-socks/4.1.59.Final/netty-codec-socks-4.1.59.Final.jar:/Users/easemob-dn0164/.m2/repository/io/netty/netty-resolver-dns/4.1.59.Final/netty-resolver-dns-4.1.59.Final.jar:/Users/easemob-dn0164/.m2/repository/io/netty/netty-codec-dns/4.1.59.Final/netty-codec-dns-4.1.59.Final.jar:/Users/easemob-dn0164/.m2/repository/io/netty/netty-resolver-dns-native-macos/4.1.59.Final/netty-resolver-dns-native-macos-4.1.59.Final-osx-x86_64.jar:/Users/easemob-dn0164/.m2/repository/io/netty/netty-transport-native-unix-common/4.1.59.Final/netty-transport-native-unix-common-4.1.59.Final.jar:/Users/easemob-dn0164/.m2/repository/io/netty/netty-transport-native-epoll/4.1.59.Final/netty-transport-native-epoll-4.1.59.Final-linux-x86_64.jar:/Users/easemob-dn0164/.m2/repository/io/projectreactor/reactor-core/3.4.3/reactor-core-3.4.3.jar:/Users/easemob-dn0164/.m2/repository/org/reactivestreams/reactive-streams/1.0.3/reactive-streams-1.0.3.jar:/Users/easemob-dn0164/.m2/repository/io/projectreactor/netty/reactor-netty-http/1.0.4/reactor-netty-http-1.0.4.jar:/Users/easemob-dn0164/.m2/repository/io/netty/netty-codec-http/4.1.59.Final/netty-codec-http-4.1.59.Final.jar:/Users/easemob-dn0164/.m2/repository/io/netty/netty-codec-http2/4.1.59.Final/netty-codec-http2-4.1.59.Final.jar:/Users/easemob-dn0164/.m2/repository/com/fasterxml/jackson/core/jackson-annotations/2.11.3/jackson-annotations-2.11.3.jar:/Users/easemob-dn0164/.m2/repository/com/fasterxml/jackson/core/jackson-databind/2.11.3/jackson-databind-2.11.3.jar:/Users/easemob-dn0164/.m2/repository/com/fasterxml/jackson/core/jackson-core/2.11.3/jackson-core-2.11.3.jar:/Users/easemob-dn0164/.m2/repository/org/apache/logging/log4j/log4j-api/2.14.0/log4j-api-2.14.0.jar:/Users/easemob-dn0164/.m2/repository/io/projectreactor/reactor-test/3.4.3/reactor-test-3.4.3.jar:/Users/easemob-dn0164/.m2/repository/org/mockito/mockito-core/3.6.28/mockito-core-3.6.28.jar:/Users/easemob-dn0164/.m2/repository/net/bytebuddy/byte-buddy/1.10.18/byte-buddy-1.10.18.jar:/Users/easemob-dn0164/.m2/repository/net/bytebuddy/byte-buddy-agent/1.10.18/byte-buddy-agent-1.10.18.jar:/Users/easemob-dn0164/.m2/repository/org/objenesis/objenesis/3.1/objenesis-3.1.jar:/Users/easemob-dn0164/.m2/repository/org/junit/jupiter/junit-jupiter/5.7.0/junit-jupiter-5.7.0.jar:/Users/easemob-dn0164/.m2/repository/org/junit/jupiter/junit-jupiter-api/5.7.0/junit-jupiter-api-5.7.0.jar:/Users/easemob-dn0164/.m2/repository/org/apiguardian/apiguardian-api/1.1.0/apiguardian-api-1.1.0.jar:/Users/easemob-dn0164/.m2/repository/org/opentest4j/opentest4j/1.2.0/opentest4j-1.2.0.jar:/Users/easemob-dn0164/.m2/repository/org/junit/platform/junit-platform-commons/1.7.0/junit-platform-commons-1.7.0.jar:/Users/easemob-dn0164/.m2/repository/org/junit/jupiter/junit-jupiter-params/5.7.0/junit-jupiter-params-5.7.0.jar:/Users/easemob-dn0164/.m2/repository/org/junit/jupiter/junit-jupiter-engine/5.7.0/junit-jupiter-engine-5.7.0.jar:/Users/easemob-dn0164/.m2/repository/org/junit/platform/junit-platform-engine/1.7.0/junit-platform-engine-1.7.0.jar:"/>
    <property name="https.proxyPort" value="10080"/>
    <property name="java.vm.vendor" value="Oracle Corporation"/>
    <property name="sun.arch.data.model" value="64"/>
    <property name="java.vendor.url" value="https://java.oracle.com/"/>
    <property name="os.name" value="Mac OS X"/>
    <property name="java.vm.specification.version" value="14"/>
    <property name="sun.java.launcher" value="SUN_STANDARD"/>
    <property name="user.country" value="CN"/>
    <property name="sun.boot.library.path" value="/Users/easemob-dn0164/Library/Java/JavaVirtualMachines/openjdk-14.0.1/Contents/Home/lib"/>
    <property name="sun.java.command" value="/Users/easemob-dn0164/Desktop/testserver/im-sdk-core/target/surefire/surefirebooter5445237881756610492.jar /Users/easemob-dn0164/Desktop/testserver/im-sdk-core/target/surefire 2021-06-10T10-57-52_368-jvmRun1 surefire17901159550305105655tmp surefire_0153403346898086205tmp"/>
    <property name="jdk.debug" value="release"/>
    <property name="surefire.test.class.path" value="/Users/easemob-dn0164/Desktop/testserver/im-sdk-core/target/test-classes:/Users/easemob-dn0164/Desktop/testserver/im-sdk-core/target/classes:/Users/easemob-dn0164/.m2/repository/org/slf4j/slf4j-api/1.7.30/slf4j-api-1.7.30.jar:/Users/easemob-dn0164/.m2/repository/ch/qos/logback/logback-classic/1.2.3/logback-classic-1.2.3.jar:/Users/easemob-dn0164/.m2/repository/ch/qos/logback/logback-core/1.2.3/logback-core-1.2.3.jar:/Users/easemob-dn0164/.m2/repository/io/github/resilience4j/resilience4j-circuitbreaker/1.1.0/resilience4j-circuitbreaker-1.1.0.jar:/Users/easemob-dn0164/.m2/repository/io/vavr/vavr/0.10.0/vavr-0.10.0.jar:/Users/easemob-dn0164/.m2/repository/io/vavr/vavr-match/0.10.0/vavr-match-0.10.0.jar:/Users/easemob-dn0164/.m2/repository/io/github/resilience4j/resilience4j-core/1.1.0/resilience4j-core-1.1.0.jar:/Users/easemob-dn0164/.m2/repository/io/github/resilience4j/resilience4j-reactor/1.1.0/resilience4j-reactor-1.1.0.jar:/Users/easemob-dn0164/.m2/repository/io/projectreactor/netty/reactor-netty-core/1.0.4/reactor-netty-core-1.0.4.jar:/Users/easemob-dn0164/.m2/repository/io/netty/netty-handler/4.1.59.Final/netty-handler-4.1.59.Final.jar:/Users/easemob-dn0164/.m2/repository/io/netty/netty-common/4.1.59.Final/netty-common-4.1.59.Final.jar:/Users/easemob-dn0164/.m2/repository/io/netty/netty-resolver/4.1.59.Final/netty-resolver-4.1.59.Final.jar:/Users/easemob-dn0164/.m2/repository/io/netty/netty-buffer/4.1.59.Final/netty-buffer-4.1.59.Final.jar:/Users/easemob-dn0164/.m2/repository/io/netty/netty-transport/4.1.59.Final/netty-transport-4.1.59.Final.jar:/Users/easemob-dn0164/.m2/repository/io/netty/netty-codec/4.1.59.Final/netty-codec-4.1.59.Final.jar:/Users/easemob-dn0164/.m2/repository/io/netty/netty-handler-proxy/4.1.59.Final/netty-handler-proxy-4.1.59.Final.jar:/Users/easemob-dn0164/.m2/repository/io/netty/netty-codec-socks/4.1.59.Final/netty-codec-socks-4.1.59.Final.jar:/Users/easemob-dn0164/.m2/repository/io/netty/netty-resolver-dns/4.1.59.Final/netty-resolver-dns-4.1.59.Final.jar:/Users/easemob-dn0164/.m2/repository/io/netty/netty-codec-dns/4.1.59.Final/netty-codec-dns-4.1.59.Final.jar:/Users/easemob-dn0164/.m2/repository/io/netty/netty-resolver-dns-native-macos/4.1.59.Final/netty-resolver-dns-native-macos-4.1.59.Final-osx-x86_64.jar:/Users/easemob-dn0164/.m2/repository/io/netty/netty-transport-native-unix-common/4.1.59.Final/netty-transport-native-unix-common-4.1.59.Final.jar:/Users/easemob-dn0164/.m2/repository/io/netty/netty-transport-native-epoll/4.1.59.Final/netty-transport-native-epoll-4.1.59.Final-linux-x86_64.jar:/Users/easemob-dn0164/.m2/repository/io/projectreactor/reactor-core/3.4.3/reactor-core-3.4.3.jar:/Users/easemob-dn0164/.m2/repository/org/reactivestreams/reactive-streams/1.0.3/reactive-streams-1.0.3.jar:/Users/easemob-dn0164/.m2/repository/io/projectreactor/netty/reactor-netty-http/1.0.4/reactor-netty-http-1.0.4.jar:/Users/easemob-dn0164/.m2/repository/io/netty/netty-codec-http/4.1.59.Final/netty-codec-http-4.1.59.Final.jar:/Users/easemob-dn0164/.m2/repository/io/netty/netty-codec-http2/4.1.59.Final/netty-codec-http2-4.1.59.Final.jar:/Users/easemob-dn0164/.m2/repository/com/fasterxml/jackson/core/jackson-annotations/2.11.3/jackson-annotations-2.11.3.jar:/Users/easemob-dn0164/.m2/repository/com/fasterxml/jackson/core/jackson-databind/2.11.3/jackson-databind-2.11.3.jar:/Users/easemob-dn0164/.m2/repository/com/fasterxml/jackson/core/jackson-core/2.11.3/jackson-core-2.11.3.jar:/Users/easemob-dn0164/.m2/repository/org/apache/logging/log4j/log4j-api/2.14.0/log4j-api-2.14.0.jar:/Users/easemob-dn0164/.m2/repository/io/projectreactor/reactor-test/3.4.3/reactor-test-3.4.3.jar:/Users/easemob-dn0164/.m2/repository/org/mockito/mockito-core/3.6.28/mockito-core-3.6.28.jar:/Users/easemob-dn0164/.m2/repository/net/bytebuddy/byte-buddy/1.10.18/byte-buddy-1.10.18.jar:/Users/easemob-dn0164/.m2/repository/net/bytebuddy/byte-buddy-agent/1.10.18/byte-buddy-agent-1.10.18.jar:/Users/easemob-dn0164/.m2/repository/org/objenesis/objenesis/3.1/objenesis-3.1.jar:/Users/easemob-dn0164/.m2/repository/org/junit/jupiter/junit-jupiter/5.7.0/junit-jupiter-5.7.0.jar:/Users/easemob-dn0164/.m2/repository/org/junit/jupiter/junit-jupiter-api/5.7.0/junit-jupiter-api-5.7.0.jar:/Users/easemob-dn0164/.m2/repository/org/apiguardian/apiguardian-api/1.1.0/apiguardian-api-1.1.0.jar:/Users/easemob-dn0164/.m2/repository/org/opentest4j/opentest4j/1.2.0/opentest4j-1.2.0.jar:/Users/easemob-dn0164/.m2/repository/org/junit/platform/junit-platform-commons/1.7.0/junit-platform-commons-1.7.0.jar:/Users/easemob-dn0164/.m2/repository/org/junit/jupiter/junit-jupiter-params/5.7.0/junit-jupiter-params-5.7.0.jar:/Users/easemob-dn0164/.m2/repository/org/junit/jupiter/junit-jupiter-engine/5.7.0/junit-jupiter-engine-5.7.0.jar:/Users/easemob-dn0164/.m2/repository/org/junit/platform/junit-platform-engine/1.7.0/junit-platform-engine-1.7.0.jar:"/>
    <property name="sun.cpu.endian" value="little"/>
    <property name="user.home" value="/Users/easemob-dn0164"/>
    <property name="user.language" value="zh"/>
    <property name="java.specification.vendor" value="Oracle Corporation"/>
    <property name="java.version.date" value="2020-04-14"/>
    <property name="java.home" value="/Users/easemob-dn0164/Library/Java/JavaVirtualMachines/openjdk-14.0.1/Contents/Home"/>
    <property name="file.separator" value="/"/>
    <property name="https.proxyHost" value="127.0.0.1"/>
    <property name="basedir" value="/Users/easemob-dn0164/Desktop/testserver/im-sdk-core"/>
    <property name="java.vm.compressedOopsMode" value="Zero based"/>
    <property name="line.separator" value="&#10;"/>
    <property name="java.vm.specification.vendor" value="Oracle Corporation"/>
    <property name="java.specification.name" value="Java Platform API Specification"/>
    <property name="idea.version2020.1.2" value="true"/>
    <property name="surefire.real.class.path" value="/Users/easemob-dn0164/Desktop/testserver/im-sdk-core/target/surefire/surefirebooter5445237881756610492.jar"/>
    <property name="user.script" value="Hans"/>
    <property name="sun.management.compiler" value="HotSpot 64-Bit Tiered Compilers"/>
    <property name="java.runtime.version" value="14.0.1+7"/>
    <property name="user.name" value="easemob-dn0164"/>
    <property name="path.separator" value=":"/>
    <property name="os.version" value="10.14.6"/>
    <property name="java.runtime.name" value="OpenJDK Runtime Environment"/>
    <property name="file.encoding" value="UTF-8"/>
    <property name="java.vm.name" value="OpenJDK 64-Bit Server VM"/>
    <property name="localRepository" value="/Users/easemob-dn0164/.m2/repository"/>
    <property name="java.vendor.url.bug" value="https://bugreport.java.com/bugreport/"/>
    <property name="java.io.tmpdir" value="/var/folders/1_/4pg5ckds0wgc2_5_d4m1gs880000gn/T/"/>
    <property name="java.version" value="14.0.1"/>
    <property name="user.dir" value="/Users/easemob-dn0164/Desktop/testserver/im-sdk-core"/>
    <property name="os.arch" value="x86_64"/>
    <property name="socksProxyPort" value="10080"/>
    <property name="java.vm.specification.name" value="Java Virtual Machine Specification"/>
    <property name="java.library.path" value="/Users/easemob-dn0164/Library/Java/Extensions:/Library/Java/Extensions:/Network/Library/Java/Extensions:/System/Library/Java/Extensions:/usr/lib/java:."/>
    <property name="java.vm.info" value="mixed mode, sharing"/>
    <property name="java.vendor" value="Oracle Corporation"/>
    <property name="java.vm.version" value="14.0.1+7"/>
    <property name="sun.io.unicode.encoding" value="UnicodeBig"/>
    <property name="java.class.version" value="58.0"/>
    <property name="http.proxyPort" value="10080"/>
  </properties>
  <testcase name="testInvalidClientIdOfEmpty" classname="com.easemob.im.server.EMPropertiesTest" time="0"/>
  <testcase name="testNotSettingAppkey" classname="com.easemob.im.server.EMPropertiesTest" time="0"/>
  <testcase name="testNotSettingClientSecret" classname="com.easemob.im.server.EMPropertiesTest" time="0"/>
  <testcase name="testInvalidClientSecretOfEmpty" classname="com.easemob.im.server.EMPropertiesTest" time="0"/>
  <testcase name="testInvalidClientSecretOfNull" classname="com.easemob.im.server.EMPropertiesTest" time="0"/>
  <testcase name="testNotSettingClientId" classname="com.easemob.im.server.EMPropertiesTest" time="0"/>
  <testcase name="testBuildEMPropertiesSuccessfully" classname="com.easemob.im.server.EMPropertiesTest" time="0"/>
  <testcase name="testInvalidAppkeyOfEmpty" classname="com.easemob.im.server.EMPropertiesTest" time="0"/>
  <testcase name="testInvalidAppkeyOfNull" classname="com.easemob.im.server.EMPropertiesTest" time="0"/>
  <testcase name="testInvalidClientIdOfNull" classname="com.easemob.im.server.EMPropertiesTest" time="0"/>
</testsuite>